<?xml version="1.0" encoding="UTF-8"?>
<!-- Generated by org.testng.reporters.JUnitReportReporter -->
<testsuite hostname="DESKTOP-TOOHLUF" failures="0" tests="1" name="testpckg.BakeryBTest" time="5.200" errors="0" timestamp="2025-06-26T20:10:08 IST" skipped="0">
  <testcase classname="testpckg.BakeryBTest" name="verifyBakery" time="5.200"/>
</testsuite> <!-- testpckg.BakeryBTest -->
