<?xml version="1.0" encoding="UTF-8"?>
<!-- Generated by org.testng.reporters.JUnitReportReporter -->
<testsuite hostname="DESKTOP-TOOHLUF" failures="0" tests="1" name="testpckg.ElephantrunckTest" time="221.730" errors="0" timestamp="2025-07-01T14:28:39 IST" skipped="0">
  <testcase classname="testpckg.ElephantrunckTest" name="verifyElephant" time="221.730"/>
</testsuite> <!-- testpckg.ElephantrunckTest -->
